10:35:22.138 [main] INFO  com.zhou.Application - Starting Application on letang796 with PID 6052 (D:\new_online_project\springboot\spring-boot-web-client\target\classes started by zhouyongjun in D:\new_online_project\springboot\spring-boot-web-client)
10:35:22.163 [main] DEBUG com.zhou.Application - Running with Spring Boot v1.4.1.RELEASE, Spring v4.3.3.RELEASE
10:35:22.163 [main] INFO  com.zhou.Application - No active profile set, falling back to default profiles: default
10:35:23.182 [background-preinit] DEBUG org.jboss.logging - Logging Provider: org.jboss.logging.Log4j2LoggerProvider
10:35:27.103 [main] INFO  org.apache.catalina.core.StandardService - Starting service Tomcat
10:35:27.106 [main] INFO  org.apache.catalina.core.StandardEngine - Starting Servlet Engine: Apache Tomcat/8.5.5
10:35:27.428 [localhost-startStop-1] INFO  org.apache.catalina.core.ContainerBase.[Tomcat].[localhost].[/] - Initializing Spring embedded WebApplicationContext
10:35:30.754 [main] INFO  org.apache.coyote.http11.Http11NioProtocol - Initializing ProtocolHandler ["http-nio-8080"]
10:35:30.790 [main] INFO  org.apache.coyote.http11.Http11NioProtocol - Starting ProtocolHandler [http-nio-8080]
10:35:30.815 [main] INFO  org.apache.tomcat.util.net.NioSelectorPool - Using a shared selector for servlet write/read
10:35:30.912 [main] INFO  com.zhou.Application - Started Application in 11.225 seconds (JVM running for 14.648)
10:37:20.009 [http-nio-8080-exec-1] INFO  org.apache.tomcat.util.http.parser.Cookie - A cookie header was received [.\.\.\.\.\.10.80.1.42:20880..../dubbo-admin-2.6.0/governance/addresses/10.80.1.42:20880/providers\.\.\.\.\.\.com.zhou.dubbo.IUserService:1.0.0..../dubbo-admin-2.6.0/governance/services/com.zhou.dubbo.IUserService:1.0.0/providers"] that contained an invalid cookie. That cookie will be ignored.Note: further occurrences of this error will be logged at DEBUG level.
10:37:20.027 [http-nio-8080-exec-1] INFO  org.apache.catalina.core.ContainerBase.[Tomcat].[localhost].[/] - Initializing Spring FrameworkServlet 'dispatcherServlet'
14:17:16.817 [main] INFO  com.zhou.Application - Starting Application on letang796 with PID 12892 (D:\new_online_project\springboot\spring-boot-web-client\target\classes started by zhouyongjun in D:\new_online_project\springboot\spring-boot-web-client)
14:17:16.819 [main] DEBUG com.zhou.Application - Running with Spring Boot v1.4.1.RELEASE, Spring v4.3.3.RELEASE
14:17:16.819 [main] INFO  com.zhou.Application - No active profile set, falling back to default profiles: default
14:17:17.025 [background-preinit] DEBUG org.jboss.logging - Logging Provider: org.jboss.logging.Log4j2LoggerProvider
14:17:19.138 [main] INFO  org.apache.catalina.core.StandardService - Starting service Tomcat
14:17:19.140 [main] INFO  org.apache.catalina.core.StandardEngine - Starting Servlet Engine: Apache Tomcat/8.5.5
14:17:19.332 [localhost-startStop-1] INFO  org.apache.catalina.core.ContainerBase.[Tomcat].[localhost].[/] - Initializing Spring embedded WebApplicationContext
14:17:21.898 [main] INFO  org.apache.coyote.http11.Http11NioProtocol - Initializing ProtocolHandler ["http-nio-8080"]
14:17:21.916 [main] INFO  org.apache.coyote.http11.Http11NioProtocol - Starting ProtocolHandler [http-nio-8080]
14:17:21.943 [main] INFO  org.apache.tomcat.util.net.NioSelectorPool - Using a shared selector for servlet write/read
14:17:21.977 [main] INFO  com.zhou.Application - Started Application in 5.953 seconds (JVM running for 7.813)
14:17:24.437 [http-nio-8080-exec-1] INFO  org.apache.tomcat.util.http.parser.Cookie - A cookie header was received [.\.\.\.\.\.10.80.1.42:20880..../dubbo-admin-2.6.0/governance/addresses/10.80.1.42:20880/providers\.\.\.\.\.\.com.zhou.dubbo.IUserService:1.0.0..../dubbo-admin-2.6.0/governance/services/com.zhou.dubbo.IUserService:1.0.0/providers"] that contained an invalid cookie. That cookie will be ignored.Note: further occurrences of this error will be logged at DEBUG level.
14:17:24.446 [http-nio-8080-exec-1] INFO  org.apache.catalina.core.ContainerBase.[Tomcat].[localhost].[/] - Initializing Spring FrameworkServlet 'dispatcherServlet'
